  正在启动远程生成
  正在编译源:
  main.cpp
G:\VariationMutation\VirusAntibodyEscape\LinuxPipeline\AntibodySpectrum\Script\CorrelationBuild_PressureFitness\main.cpp(64,19): warning : comparison of integer expressions of different signedness: ‘int’ and ‘std::__cxx11::basic_string<char>::size_type’ {aka ‘long unsigned int’} [-Wsign-compare]
G:\VariationMutation\VirusAntibodyEscape\LinuxPipeline\AntibodySpectrum\Script\CorrelationBuild_PressureFitness\main.cpp(67,19): warning : comparison of integer expressions of different signedness: ‘int’ and ‘std::vector<int>::size_type’ {aka ‘long unsigned int’} [-Wsign-compare]
G:\VariationMutation\VirusAntibodyEscape\LinuxPipeline\AntibodySpectrum\Script\CorrelationBuild_PressureFitness\main.cpp(61,12): warning : unused variable ‘j’ [-Wunused-variable]
G:\VariationMutation\VirusAntibodyEscape\LinuxPipeline\AntibodySpectrum\Script\CorrelationBuild_PressureFitness\main.cpp(61,15): warning : unused variable ‘k’ [-Wunused-variable]
G:\VariationMutation\VirusAntibodyEscape\LinuxPipeline\AntibodySpectrum\Script\CorrelationBuild_PressureFitness\main.cpp(86,23): warning : comparison of integer expressions of different signedness: ‘int’ and ‘std::vector<std::__cxx11::basic_string<char> >::size_type’ {aka ‘long unsigned int’} [-Wsign-compare]
G:\VariationMutation\VirusAntibodyEscape\LinuxPipeline\AntibodySpectrum\Script\CorrelationBuild_PressureFitness\main.cpp(81,12): warning : unused variable ‘j’ [-Wunused-variable]
G:\VariationMutation\VirusAntibodyEscape\LinuxPipeline\AntibodySpectrum\Script\CorrelationBuild_PressureFitness\main.cpp(81,15): warning : unused variable ‘k’ [-Wunused-variable]
G:\VariationMutation\VirusAntibodyEscape\LinuxPipeline\AntibodySpectrum\Script\CorrelationBuild_PressureFitness\main.cpp(126,30): warning : conversion from ‘std::vector<std::vector<Haplotype> >::size_type’ {aka ‘long unsigned int’} to ‘int’ may change value [-Wconversion]
G:\VariationMutation\VirusAntibodyEscape\LinuxPipeline\AntibodySpectrum\Script\CorrelationBuild_PressureFitness\main.cpp(154,27): warning : comparison of integer expressions of different signedness: ‘int’ and ‘std::__cxx11::basic_string<char>::size_type’ {aka ‘long unsigned int’} [-Wsign-compare]
G:\VariationMutation\VirusAntibodyEscape\LinuxPipeline\AntibodySpectrum\Script\CorrelationBuild_PressureFitness\main.cpp(156,27): warning : comparison of integer expressions of different signedness: ‘int’ and ‘std::vector<std::__cxx11::basic_string<char> >::size_type’ {aka ‘long unsigned int’} [-Wsign-compare]
G:\VariationMutation\VirusAntibodyEscape\LinuxPipeline\AntibodySpectrum\Script\CorrelationBuild_PressureFitness\main.cpp(163,27): warning : comparison of integer expressions of different signedness: ‘int’ and ‘std::__cxx11::basic_string<char>::size_type’ {aka ‘long unsigned int’} [-Wsign-compare]
G:\VariationMutation\VirusAntibodyEscape\LinuxPipeline\AntibodySpectrum\Script\CorrelationBuild_PressureFitness\main.cpp(167,23): warning : comparison of integer expressions of different signedness: ‘int’ and ‘std::__cxx11::basic_string<char>::size_type’ {aka ‘long unsigned int’} [-Wsign-compare]
G:\VariationMutation\VirusAntibodyEscape\LinuxPipeline\AntibodySpectrum\Script\CorrelationBuild_PressureFitness\main.cpp(178,19): warning : comparison of integer expressions of different signedness: ‘int’ and ‘std::vector<Haplotype>::size_type’ {aka ‘long unsigned int’} [-Wsign-compare]
G:\VariationMutation\VirusAntibodyEscape\LinuxPipeline\AntibodySpectrum\Script\CorrelationBuild_PressureFitness\main.cpp(184,162): warning : conversion from ‘std::vector<Haplotype>::size_type’ {aka ‘long unsigned int’} to ‘double’ may change value [-Wconversion]
G:\VariationMutation\VirusAntibodyEscape\LinuxPipeline\AntibodySpectrum\Script\CorrelationBuild_PressureFitness\main.cpp(108,12): warning : unused variable ‘j’ [-Wunused-variable]
G:\VariationMutation\VirusAntibodyEscape\LinuxPipeline\AntibodySpectrum\Script\CorrelationBuild_PressureFitness\main.cpp(259,19): warning : comparison of integer expressions of different signedness: ‘int’ and ‘std::vector<std::__cxx11::basic_string<char> >::size_type’ {aka ‘long unsigned int’} [-Wsign-compare]
G:\VariationMutation\VirusAntibodyEscape\LinuxPipeline\AntibodySpectrum\Script\CorrelationBuild_PressureFitness\main.cpp(261,23): warning : comparison of integer expressions of different signedness: ‘int’ and ‘std::vector<VOC>::size_type’ {aka ‘long unsigned int’} [-Wsign-compare]
G:\VariationMutation\VirusAntibodyEscape\LinuxPipeline\AntibodySpectrum\Script\CorrelationBuild_PressureFitness\main.cpp(267,19): warning : comparison of integer expressions of different signedness: ‘int’ and ‘std::vector<VOC>::size_type’ {aka ‘long unsigned int’} [-Wsign-compare]
G:\VariationMutation\VirusAntibodyEscape\LinuxPipeline\AntibodySpectrum\Script\CorrelationBuild_PressureFitness\main.cpp(268,82): warning : conversion from ‘std::unordered_map<std::__cxx11::basic_string<char>, int>::size_type’ {aka ‘long unsigned int’} to ‘double’ may change value [-Wconversion]
G:\VariationMutation\VirusAntibodyEscape\LinuxPipeline\AntibodySpectrum\Script\CorrelationBuild_PressureFitness\main.cpp(270,19): warning : comparison of integer expressions of different signedness: ‘int’ and ‘std::vector<VOC>::size_type’ {aka ‘long unsigned int’} [-Wsign-compare]
G:\VariationMutation\VirusAntibodyEscape\LinuxPipeline\AntibodySpectrum\Script\CorrelationBuild_PressureFitness\main.cpp(272,25): warning : comparison of integer expressions of different signedness: ‘int’ and ‘std::vector<VOC>::size_type’ {aka ‘long unsigned int’} [-Wsign-compare]
G:\VariationMutation\VirusAntibodyEscape\LinuxPipeline\AntibodySpectrum\Script\CorrelationBuild_PressureFitness\main.cpp(280,79): warning : conversion from ‘std::unordered_map<std::__cxx11::basic_string<char>, int>::size_type’ {aka ‘long unsigned int’} to ‘double’ may change value [-Wconversion]
G:\VariationMutation\VirusAntibodyEscape\LinuxPipeline\AntibodySpectrum\Script\CorrelationBuild_PressureFitness\main.cpp(257,15): warning : unused variable ‘k’ [-Wunused-variable]
G:\VariationMutation\VirusAntibodyEscape\LinuxPipeline\AntibodySpectrum\Script\CorrelationBuild_PressureFitness\main.cpp(309,23): warning : comparison of integer expressions of different signedness: ‘int’ and ‘std::__cxx11::basic_string<char>::size_type’ {aka ‘long unsigned int’} [-Wsign-compare]
G:\VariationMutation\VirusAntibodyEscape\LinuxPipeline\AntibodySpectrum\Script\CorrelationBuild_PressureFitness\main.cpp(326,34): warning : conversion from ‘std::vector<std::vector<Haplotype> >::size_type’ {aka ‘long unsigned int’} to ‘int’ may change value [-Wconversion]
G:\VariationMutation\VirusAntibodyEscape\LinuxPipeline\AntibodySpectrum\Script\CorrelationBuild_PressureFitness\main.cpp(327,23): warning : comparison of integer expressions of different signedness: ‘int’ and ‘std::vector<Haplotype>::size_type’ {aka ‘long unsigned int’} [-Wsign-compare]
G:\VariationMutation\VirusAntibodyEscape\LinuxPipeline\AntibodySpectrum\Script\CorrelationBuild_PressureFitness\main.cpp(288,12): warning : unused variable ‘j’ [-Wunused-variable]
  正在链接对象
  CorrelationBuild_PressureFitness.vcxproj -> G:\VariationMutation\VirusAntibodyEscape\LinuxPipeline\AntibodySpectrum\Script\CorrelationBuild_PressureFitness\bin\x64\Debug\CorrelationBuild_PressureFitness.out
